Base path: C:/Program Files/Unity/Editor/Data
Pipe name: \\.\pipe\UnityShaderCompiler-64bit-1-8260
Cmd: getPlatforms
Cmd: preprocess
  insize=1443 outsize=1050 ok=1
Cmd: compileSnippet
  api=4 type=0 insize=7634 outsize=3809 kw=DIRECTIONAL SHADOWS_OFF LIGHTMAP_OFF DIRLIGHTMAP_OFF DYNAMICLIGHTMAP_OFF pd= ok=1
Cmd: compileSnippet
  api=4 type=1 insize=7634 outsize=1501 kw=DIRECTIONAL SHADOWS_OFF LIGHTMAP_OFF DIRLIGHTMAP_OFF DYNAMICLIGHTMAP_OFF pd= ok=1
Cmd: compileSnippet
  api=4 type=0 insize=4292 outsize=2671 kw=POINT pd= ok=1
Cmd: compileSnippet
  error: 1 plat 4 at (52): floating point division by zero\nCompiling Fragment program with POINT
  api=4 type=1 insize=4292 outsize=624 kw=POINT pd= ok=1
Cmd: compileSnippet
  api=4 type=0 insize=4050 outsize=2631 kw= pd= ok=1
Cmd: compileSnippet
  api=4 type=1 insize=4050 outsize=2574 kw= pd= ok=1
Cmd: compileSnippet
  api=4 type=0 insize=4292 outsize=2671 kw=DIRECTIONAL pd= ok=1
Cmd: compileSnippet
  error: 1 plat 4 at (52): floating point division by zero\nCompiling Fragment program with DIRECTIONAL
  api=4 type=1 insize=4292 outsize=624 kw=DIRECTIONAL pd= ok=1
Cmd: compileSnippet
  api=8 type=0 insize=7634 outsize=5452 kw=DIRECTIONAL SHADOWS_OFF LIGHTMAP_OFF DIRLIGHTMAP_OFF DYNAMICLIGHTMAP_OFF pd=UNITY_NO_SCREENSPACE_SHADOWS UNITY_NO_LINEAR_COLORSPACE ok=1
Cmd: compileSnippet
  api=1 type=0 insize=7634 outsize=688 kw=DIRECTIONAL SHADOWS_SCREEN LIGHTMAP_OFF DIRLIGHTMAP_OFF DYNAMICLIGHTMAP_OFF pd= ok=1
Cmd: compileSnippet
  api=4 type=0 insize=7634 outsize=3979 kw=DIRECTIONAL SHADOWS_SCREEN LIGHTMAP_OFF DIRLIGHTMAP_OFF DYNAMICLIGHTMAP_OFF pd= ok=1
Cmd: compileSnippet
  api=1 type=0 insize=7634 outsize=1228 kw=DIRECTIONAL SHADOWS_OFF LIGHTMAP_OFF DIRLIGHTMAP_OFF DYNAMICLIGHTMAP_OFF VERTEXLIGHT_ON pd= ok=1
Cmd: compileSnippet
  api=8 type=0 insize=7634 outsize=8223 kw=DIRECTIONAL SHADOWS_OFF LIGHTMAP_OFF DIRLIGHTMAP_OFF DYNAMICLIGHTMAP_OFF VERTEXLIGHT_ON pd=UNITY_NO_SCREENSPACE_SHADOWS UNITY_NO_LINEAR_COLORSPACE ok=1
Cmd: compileSnippet
  api=4 type=0 insize=7634 outsize=5702 kw=DIRECTIONAL SHADOWS_SCREEN LIGHTMAP_OFF DIRLIGHTMAP_OFF DYNAMICLIGHTMAP_OFF VERTEXLIGHT_ON pd= ok=1
Cmd: compileSnippet
  api=8 type=0 insize=7634 outsize=9279 kw=DIRECTIONAL SHADOWS_SCREEN SHADOWS_NATIVE LIGHTMAP_OFF DIRLIGHTMAP_OFF DYNAMICLIGHTMAP_OFF VERTEXLIGHT_ON pd=UNITY_NO_SCREENSPACE_SHADOWS UNITY_NO_LINEAR_COLORSPACE ok=1
Cmd: compileSnippet
  api=1 type=1 insize=7634 outsize=298 kw=DIRECTIONAL SHADOWS_OFF LIGHTMAP_OFF DIRLIGHTMAP_OFF DYNAMICLIGHTMAP_OFF pd= ok=1
Cmd: compileSnippet
  api=1 type=1 insize=7634 outsize=298 kw=DIRECTIONAL SHADOWS_SCREEN LIGHTMAP_OFF DIRLIGHTMAP_OFF DYNAMICLIGHTMAP_OFF pd= ok=1
Cmd: compileSnippet
  api=8 type=1 insize=7634 outsize=2275 kw=DIRECTIONAL SHADOWS_SCREEN SHADOWS_NATIVE LIGHTMAP_OFF DIRLIGHTMAP_OFF DYNAMICLIGHTMAP_OFF pd=UNITY_NO_SCREENSPACE_SHADOWS UNITY_NO_LINEAR_COLORSPACE ok=1
Cmd: compileSnippet
  api=1 type=0 insize=4292 outsize=322 kw=POINT pd= ok=1
Cmd: compileSnippet
  api=1 type=0 insize=4292 outsize=322 kw=DIRECTIONAL pd= ok=1
Cmd: compileSnippet
  api=1 type=0 insize=4292 outsize=322 kw=SPOT pd= ok=1
Cmd: compileSnippet
  api=8 type=0 insize=4292 outsize=3770 kw=SPOT pd=UNITY_NO_SCREENSPACE_SHADOWS UNITY_NO_LINEAR_COLORSPACE ok=1
Cmd: compileSnippet
  api=4 type=0 insize=4292 outsize=2671 kw=POINT_COOKIE pd= ok=1
Cmd: compileSnippet
  api=1 type=0 insize=4292 outsize=322 kw=DIRECTIONAL_COOKIE pd= ok=1
Cmd: compileSnippet
  api=8 type=0 insize=4292 outsize=3770 kw=DIRECTIONAL_COOKIE pd=UNITY_NO_SCREENSPACE_SHADOWS UNITY_NO_LINEAR_COLORSPACE ok=1
Cmd: compileSnippet
  error: 1 plat 1 at (52): floating point division by zero\nCompiling Fragment program with POINT
  api=1 type=1 insize=4292 outsize=42 kw=POINT pd= ok=1
Cmd: compileSnippet
  error: 1 plat 8 at (52): floating point division by zero\nCompiling Fragment program with DIRECTIONAL
Platform defines: UNITY_NO_SCREENSPACE_SHADOWS UNITY_NO_LINEAR_COLORSPACE
  api=8 type=1 insize=4292 outsize=821 kw=DIRECTIONAL pd=UNITY_NO_SCREENSPACE_SHADOWS UNITY_NO_LINEAR_COLORSPACE ok=1
Cmd: compileSnippet
  error: 1 plat 8 at (52): floating point division by zero\nCompiling Fragment program with SPOT
Platform defines: UNITY_NO_SCREENSPACE_SHADOWS UNITY_NO_LINEAR_COLORSPACE
  api=8 type=1 insize=4292 outsize=821 kw=SPOT pd=UNITY_NO_SCREENSPACE_SHADOWS UNITY_NO_LINEAR_COLORSPACE ok=1
Cmd: compileSnippet
  error: 1 plat 8 at (52): floating point division by zero\nCompiling Fragment program with POINT_COOKIE
Platform defines: UNITY_NO_SCREENSPACE_SHADOWS UNITY_NO_LINEAR_COLORSPACE
  api=8 type=1 insize=4292 outsize=821 kw=POINT_COOKIE pd=UNITY_NO_SCREENSPACE_SHADOWS UNITY_NO_LINEAR_COLORSPACE ok=1
Cmd: compileSnippet
  error: 1 plat 8 at (52): floating point division by zero\nCompiling Fragment program with DIRECTIONAL_COOKIE
Platform defines: UNITY_NO_SCREENSPACE_SHADOWS UNITY_NO_LINEAR_COLORSPACE
  api=8 type=1 insize=4292 outsize=821 kw=DIRECTIONAL_COOKIE pd=UNITY_NO_SCREENSPACE_SHADOWS UNITY_NO_LINEAR_COLORSPACE ok=1
Cmd: preprocess
  insize=1447 outsize=1049 ok=1
Cmd: compileSnippet
  api=4 type=0 insize=7638 outsize=3809 kw=DIRECTIONAL SHADOWS_OFF LIGHTMAP_OFF DIRLIGHTMAP_OFF DYNAMICLIGHTMAP_OFF pd= ok=1
Cmd: compileSnippet
  api=4 type=1 insize=7638 outsize=1583 kw=DIRECTIONAL SHADOWS_OFF LIGHTMAP_OFF DIRLIGHTMAP_OFF DYNAMICLIGHTMAP_OFF pd= ok=1
Cmd: compileSnippet
  api=4 type=0 insize=4296 outsize=2671 kw=POINT pd= ok=1
Cmd: compileSnippet
  error: 1 plat 4 at (52): floating point division by zero\nCompiling Fragment program with POINT
  api=4 type=1 insize=4296 outsize=624 kw=POINT pd= ok=1
Cmd: compileSnippet
  api=4 type=0 insize=4054 outsize=2631 kw= pd= ok=1
Cmd: compileSnippet
  api=4 type=1 insize=4054 outsize=2655 kw= pd= ok=1
Cmd: compileSnippet
  api=4 type=0 insize=4296 outsize=2671 kw=DIRECTIONAL pd= ok=1
Cmd: compileSnippet
  error: 1 plat 4 at (52): floating point division by zero\nCompiling Fragment program with DIRECTIONAL
  api=4 type=1 insize=4296 outsize=624 kw=DIRECTIONAL pd= ok=1
Cmd: preprocess
  insize=1449 outsize=1050 ok=1
Cmd: compileSnippet
  api=4 type=0 insize=7640 outsize=3809 kw=DIRECTIONAL SHADOWS_OFF LIGHTMAP_OFF DIRLIGHTMAP_OFF DYNAMICLIGHTMAP_OFF pd= ok=1
Cmd: compileSnippet
  api=4 type=1 insize=7640 outsize=1583 kw=DIRECTIONAL SHADOWS_OFF LIGHTMAP_OFF DIRLIGHTMAP_OFF DYNAMICLIGHTMAP_OFF pd= ok=1
Cmd: compileSnippet
  api=4 type=0 insize=4298 outsize=2671 kw=POINT pd= ok=1
Cmd: compileSnippet
  error: 1 plat 4 at (52): floating point division by zero\nCompiling Fragment program with POINT
  api=4 type=1 insize=4298 outsize=624 kw=POINT pd= ok=1
Cmd: compileSnippet
  api=4 type=0 insize=4056 outsize=2631 kw= pd= ok=1
Cmd: compileSnippet
  api=4 type=1 insize=4056 outsize=2655 kw= pd= ok=1
Cmd: compileSnippet
  api=4 type=0 insize=4298 outsize=2671 kw=DIRECTIONAL pd= ok=1
Cmd: compileSnippet
  error: 1 plat 4 at (52): floating point division by zero\nCompiling Fragment program with DIRECTIONAL
  api=4 type=1 insize=4298 outsize=624 kw=DIRECTIONAL pd= ok=1
Cmd: preprocess
  insize=1449 outsize=1050 ok=1
Cmd: compileSnippet
  api=4 type=0 insize=7640 outsize=3809 kw=DIRECTIONAL SHADOWS_OFF LIGHTMAP_OFF DIRLIGHTMAP_OFF DYNAMICLIGHTMAP_OFF pd= ok=1
Cmd: compileSnippet
  api=4 type=1 insize=7640 outsize=1583 kw=DIRECTIONAL SHADOWS_OFF LIGHTMAP_OFF DIRLIGHTMAP_OFF DYNAMICLIGHTMAP_OFF pd= ok=1
Cmd: compileSnippet
  api=4 type=0 insize=4298 outsize=2671 kw=POINT pd= ok=1
Cmd: compileSnippet
  error: 1 plat 4 at (52): floating point division by zero\nCompiling Fragment program with POINT
  api=4 type=1 insize=4298 outsize=624 kw=POINT pd= ok=1
Cmd: compileSnippet
  api=4 type=0 insize=4056 outsize=2631 kw= pd= ok=1
Cmd: compileSnippet
  api=4 type=1 insize=4056 outsize=2655 kw= pd= ok=1
Cmd: compileSnippet
  api=4 type=0 insize=4298 outsize=2671 kw=DIRECTIONAL pd= ok=1
Cmd: compileSnippet
  error: 1 plat 4 at (52): floating point division by zero\nCompiling Fragment program with DIRECTIONAL
  api=4 type=1 insize=4298 outsize=624 kw=DIRECTIONAL pd= ok=1
Cmd: preprocess
  insize=1450 outsize=1049 ok=1
Cmd: compileSnippet
  api=4 type=0 insize=7641 outsize=3809 kw=DIRECTIONAL SHADOWS_OFF LIGHTMAP_OFF DIRLIGHTMAP_OFF DYNAMICLIGHTMAP_OFF pd= ok=1
Cmd: compileSnippet
  api=4 type=1 insize=7641 outsize=1583 kw=DIRECTIONAL SHADOWS_OFF LIGHTMAP_OFF DIRLIGHTMAP_OFF DYNAMICLIGHTMAP_OFF pd= ok=1
Cmd: compileSnippet
  api=4 type=0 insize=4299 outsize=2671 kw=POINT pd= ok=1
Cmd: compileSnippet
  error: 1 plat 4 at (52): floating point division by zero\nCompiling Fragment program with POINT
  api=4 type=1 insize=4299 outsize=624 kw=POINT pd= ok=1
Cmd: compileSnippet
  api=4 type=0 insize=4057 outsize=2631 kw= pd= ok=1
Cmd: compileSnippet
  api=4 type=1 insize=4057 outsize=2655 kw= pd= ok=1
Cmd: compileSnippet
  api=4 type=0 insize=4299 outsize=2671 kw=DIRECTIONAL pd= ok=1
Cmd: compileSnippet
  error: 1 plat 4 at (52): floating point division by zero\nCompiling Fragment program with DIRECTIONAL
  api=4 type=1 insize=4299 outsize=624 kw=DIRECTIONAL pd= ok=1
Cmd: preprocess
  insize=1450 outsize=1049 ok=1
Cmd: compileSnippet
  api=4 type=0 insize=7641 outsize=3809 kw=DIRECTIONAL SHADOWS_OFF LIGHTMAP_OFF DIRLIGHTMAP_OFF DYNAMICLIGHTMAP_OFF pd= ok=1
Cmd: compileSnippet
  api=4 type=1 insize=7641 outsize=1583 kw=DIRECTIONAL SHADOWS_OFF LIGHTMAP_OFF DIRLIGHTMAP_OFF DYNAMICLIGHTMAP_OFF pd= ok=1
Cmd: compileSnippet
  api=4 type=0 insize=4299 outsize=2671 kw=POINT pd= ok=1
Cmd: compileSnippet
  error: 1 plat 4 at (52): floating point division by zero\nCompiling Fragment program with POINT
  api=4 type=1 insize=4299 outsize=624 kw=POINT pd= ok=1
Cmd: compileSnippet
  api=4 type=0 insize=4057 outsize=2631 kw= pd= ok=1
Cmd: compileSnippet
  api=4 type=1 insize=4057 outsize=2655 kw= pd= ok=1
Cmd: compileSnippet
  api=4 type=0 insize=4299 outsize=2671 kw=DIRECTIONAL pd= ok=1
Cmd: compileSnippet
  error: 1 plat 4 at (52): floating point division by zero\nCompiling Fragment program with DIRECTIONAL
  api=4 type=1 insize=4299 outsize=624 kw=DIRECTIONAL pd= ok=1
Cmd: preprocess
  insize=1451 outsize=1049 ok=1
Cmd: compileSnippet
  api=4 type=0 insize=7642 outsize=3809 kw=DIRECTIONAL SHADOWS_OFF LIGHTMAP_OFF DIRLIGHTMAP_OFF DYNAMICLIGHTMAP_OFF pd= ok=1
Cmd: compileSnippet
  api=4 type=1 insize=7642 outsize=1583 kw=DIRECTIONAL SHADOWS_OFF LIGHTMAP_OFF DIRLIGHTMAP_OFF DYNAMICLIGHTMAP_OFF pd= ok=1
Cmd: compileSnippet
  api=4 type=0 insize=4300 outsize=2671 kw=POINT pd= ok=1
Cmd: compileSnippet
  error: 1 plat 4 at (52): floating point division by zero\nCompiling Fragment program with POINT
  api=4 type=1 insize=4300 outsize=624 kw=POINT pd= ok=1
Cmd: compileSnippet
  api=4 type=0 insize=4058 outsize=2631 kw= pd= ok=1
Cmd: compileSnippet
  api=4 type=1 insize=4058 outsize=2655 kw= pd= ok=1
Cmd: compileSnippet
  api=4 type=0 insize=4300 outsize=2671 kw=DIRECTIONAL pd= ok=1
Cmd: compileSnippet
  error: 1 plat 4 at (52): floating point division by zero\nCompiling Fragment program with DIRECTIONAL
  api=4 type=1 insize=4300 outsize=624 kw=DIRECTIONAL pd= ok=1
Cmd: preprocess
  insize=1451 outsize=1050 ok=1
Cmd: compileSnippet
  api=4 type=0 insize=7642 outsize=3809 kw=DIRECTIONAL SHADOWS_OFF LIGHTMAP_OFF DIRLIGHTMAP_OFF DYNAMICLIGHTMAP_OFF pd= ok=1
Cmd: compileSnippet
  api=4 type=1 insize=7642 outsize=1583 kw=DIRECTIONAL SHADOWS_OFF LIGHTMAP_OFF DIRLIGHTMAP_OFF DYNAMICLIGHTMAP_OFF pd= ok=1
Cmd: compileSnippet
  api=4 type=0 insize=4300 outsize=2671 kw=POINT pd= ok=1
Cmd: compileSnippet
  error: 1 plat 4 at (52): floating point division by zero\nCompiling Fragment program with POINT
  api=4 type=1 insize=4300 outsize=624 kw=POINT pd= ok=1
Cmd: compileSnippet
  api=4 type=0 insize=4058 outsize=2631 kw= pd= ok=1
Cmd: compileSnippet
  api=4 type=1 insize=4058 outsize=2655 kw= pd= ok=1
Cmd: compileSnippet
  api=4 type=0 insize=4300 outsize=2671 kw=DIRECTIONAL pd= ok=1
Cmd: compileSnippet
  error: 1 plat 4 at (52): floating point division by zero\nCompiling Fragment program with DIRECTIONAL
  api=4 type=1 insize=4300 outsize=624 kw=DIRECTIONAL pd= ok=1
Cmd: preprocess
  insize=1451 outsize=1047 ok=1
Cmd: compileSnippet
  api=4 type=0 insize=7642 outsize=3809 kw=DIRECTIONAL SHADOWS_OFF LIGHTMAP_OFF DIRLIGHTMAP_OFF DYNAMICLIGHTMAP_OFF pd= ok=1
Cmd: compileSnippet
  api=4 type=1 insize=7642 outsize=1583 kw=DIRECTIONAL SHADOWS_OFF LIGHTMAP_OFF DIRLIGHTMAP_OFF DYNAMICLIGHTMAP_OFF pd= ok=1
Cmd: compileSnippet
  api=4 type=0 insize=4300 outsize=2671 kw=POINT pd= ok=1
Cmd: compileSnippet
  error: 1 plat 4 at (52): floating point division by zero\nCompiling Fragment program with POINT
  api=4 type=1 insize=4300 outsize=624 kw=POINT pd= ok=1
Cmd: compileSnippet
  api=4 type=0 insize=4058 outsize=2631 kw= pd= ok=1
Cmd: compileSnippet
  api=4 type=1 insize=4058 outsize=2655 kw= pd= ok=1
Cmd: compileSnippet
  api=4 type=0 insize=4300 outsize=2671 kw=DIRECTIONAL pd= ok=1
Cmd: compileSnippet
  error: 1 plat 4 at (52): floating point division by zero\nCompiling Fragment program with DIRECTIONAL
  api=4 type=1 insize=4300 outsize=624 kw=DIRECTIONAL pd= ok=1
Cmd: preprocess
  insize=1451 outsize=1049 ok=1
Cmd: compileSnippet
  api=4 type=0 insize=7642 outsize=3809 kw=DIRECTIONAL SHADOWS_OFF LIGHTMAP_OFF DIRLIGHTMAP_OFF DYNAMICLIGHTMAP_OFF pd= ok=1
Cmd: compileSnippet
  api=4 type=1 insize=7642 outsize=1583 kw=DIRECTIONAL SHADOWS_OFF LIGHTMAP_OFF DIRLIGHTMAP_OFF DYNAMICLIGHTMAP_OFF pd= ok=1
Cmd: compileSnippet
  api=4 type=0 insize=4300 outsize=2671 kw=POINT pd= ok=1
Cmd: compileSnippet
  error: 1 plat 4 at (52): floating point division by zero\nCompiling Fragment program with POINT
  api=4 type=1 insize=4300 outsize=624 kw=POINT pd= ok=1
Cmd: compileSnippet
  api=4 type=0 insize=4058 outsize=2631 kw= pd= ok=1
Cmd: compileSnippet
  api=4 type=1 insize=4058 outsize=2655 kw= pd= ok=1
Cmd: compileSnippet
  api=4 type=0 insize=4300 outsize=2671 kw=DIRECTIONAL pd= ok=1
Cmd: compileSnippet
  error: 1 plat 4 at (52): floating point division by zero\nCompiling Fragment program with DIRECTIONAL
  api=4 type=1 insize=4300 outsize=624 kw=DIRECTIONAL pd= ok=1
Cmd: preprocess
  insize=1452 outsize=1050 ok=1
Cmd: compileSnippet
  api=4 type=0 insize=7643 outsize=3809 kw=DIRECTIONAL SHADOWS_OFF LIGHTMAP_OFF DIRLIGHTMAP_OFF DYNAMICLIGHTMAP_OFF pd= ok=1
Cmd: compileSnippet
  api=4 type=1 insize=7643 outsize=1583 kw=DIRECTIONAL SHADOWS_OFF LIGHTMAP_OFF DIRLIGHTMAP_OFF DYNAMICLIGHTMAP_OFF pd= ok=1
Cmd: compileSnippet
  api=4 type=0 insize=4301 outsize=2671 kw=POINT pd= ok=1
Cmd: compileSnippet
  error: 1 plat 4 at (52): floating point division by zero\nCompiling Fragment program with POINT
  api=4 type=1 insize=4301 outsize=624 kw=POINT pd= ok=1
Cmd: compileSnippet
  api=4 type=0 insize=4059 outsize=2631 kw= pd= ok=1
Cmd: compileSnippet
  api=4 type=1 insize=4059 outsize=2655 kw= pd= ok=1
Cmd: compileSnippet
  api=4 type=0 insize=4301 outsize=2671 kw=DIRECTIONAL pd= ok=1
Cmd: compileSnippet
  error: 1 plat 4 at (52): floating point division by zero\nCompiling Fragment program with DIRECTIONAL
  api=4 type=1 insize=4301 outsize=624 kw=DIRECTIONAL pd= ok=1
Cmd: preprocess
  insize=1452 outsize=1049 ok=1
Cmd: compileSnippet
  api=4 type=0 insize=7643 outsize=3809 kw=DIRECTIONAL SHADOWS_OFF LIGHTMAP_OFF DIRLIGHTMAP_OFF DYNAMICLIGHTMAP_OFF pd= ok=1
Cmd: compileSnippet
  api=4 type=1 insize=7643 outsize=1583 kw=DIRECTIONAL SHADOWS_OFF LIGHTMAP_OFF DIRLIGHTMAP_OFF DYNAMICLIGHTMAP_OFF pd= ok=1
Cmd: compileSnippet
  api=4 type=0 insize=4301 outsize=2671 kw=POINT pd= ok=1
Cmd: compileSnippet
  error: 1 plat 4 at (52): floating point division by zero\nCompiling Fragment program with POINT
  api=4 type=1 insize=4301 outsize=624 kw=POINT pd= ok=1
Cmd: compileSnippet
  api=4 type=0 insize=4059 outsize=2631 kw= pd= ok=1
Cmd: compileSnippet
  api=4 type=1 insize=4059 outsize=2655 kw= pd= ok=1
Cmd: compileSnippet
  api=4 type=0 insize=4301 outsize=2671 kw=DIRECTIONAL pd= ok=1
Cmd: compileSnippet
  error: 1 plat 4 at (52): floating point division by zero\nCompiling Fragment program with DIRECTIONAL
  api=4 type=1 insize=4301 outsize=624 kw=DIRECTIONAL pd= ok=1
Cmd: preprocess
  insize=1452 outsize=1049 ok=1
Cmd: compileSnippet
  api=4 type=0 insize=7643 outsize=3809 kw=DIRECTIONAL SHADOWS_OFF LIGHTMAP_OFF DIRLIGHTMAP_OFF DYNAMICLIGHTMAP_OFF pd= ok=1
Cmd: compileSnippet
  api=4 type=1 insize=7643 outsize=1583 kw=DIRECTIONAL SHADOWS_OFF LIGHTMAP_OFF DIRLIGHTMAP_OFF DYNAMICLIGHTMAP_OFF pd= ok=1
Cmd: compileSnippet
  api=4 type=0 insize=4301 outsize=2671 kw=POINT pd= ok=1
Cmd: compileSnippet
  error: 1 plat 4 at (52): floating point division by zero\nCompiling Fragment program with POINT
  api=4 type=1 insize=4301 outsize=624 kw=POINT pd= ok=1
Cmd: compileSnippet
  api=4 type=0 insize=4059 outsize=2631 kw= pd= ok=1
Cmd: compileSnippet
  api=4 type=1 insize=4059 outsize=2655 kw= pd= ok=1
Cmd: compileSnippet
  api=4 type=0 insize=4301 outsize=2671 kw=DIRECTIONAL pd= ok=1
Cmd: compileSnippet
  error: 1 plat 4 at (52): floating point division by zero\nCompiling Fragment program with DIRECTIONAL
  api=4 type=1 insize=4301 outsize=624 kw=DIRECTIONAL pd= ok=1
Cmd: preprocess
  insize=1451 outsize=1050 ok=1
Cmd: compileSnippet
  api=4 type=0 insize=7642 outsize=3809 kw=DIRECTIONAL SHADOWS_OFF LIGHTMAP_OFF DIRLIGHTMAP_OFF DYNAMICLIGHTMAP_OFF pd= ok=1
Cmd: compileSnippet
  api=4 type=1 insize=7642 outsize=1583 kw=DIRECTIONAL SHADOWS_OFF LIGHTMAP_OFF DIRLIGHTMAP_OFF DYNAMICLIGHTMAP_OFF pd= ok=1
Cmd: compileSnippet
  api=4 type=0 insize=4300 outsize=2671 kw=POINT pd= ok=1
Cmd: compileSnippet
  error: 1 plat 4 at (52): floating point division by zero\nCompiling Fragment program with POINT
  api=4 type=1 insize=4300 outsize=624 kw=POINT pd= ok=1
Cmd: compileSnippet
  api=4 type=0 insize=4058 outsize=2631 kw= pd= ok=1
Cmd: compileSnippet
  api=4 type=1 insize=4058 outsize=2655 kw= pd= ok=1
Cmd: compileSnippet
  api=4 type=0 insize=4300 outsize=2671 kw=DIRECTIONAL pd= ok=1
Cmd: compileSnippet
  error: 1 plat 4 at (52): floating point division by zero\nCompiling Fragment program with DIRECTIONAL
  api=4 type=1 insize=4300 outsize=624 kw=DIRECTIONAL pd= ok=1
Cmd: preprocess
  insize=1451 outsize=1049 ok=1
Cmd: compileSnippet
  api=4 type=0 insize=7642 outsize=3809 kw=DIRECTIONAL SHADOWS_OFF LIGHTMAP_OFF DIRLIGHTMAP_OFF DYNAMICLIGHTMAP_OFF pd= ok=1
Cmd: compileSnippet
  api=4 type=1 insize=7642 outsize=1583 kw=DIRECTIONAL SHADOWS_OFF LIGHTMAP_OFF DIRLIGHTMAP_OFF DYNAMICLIGHTMAP_OFF pd= ok=1
Cmd: compileSnippet
  api=4 type=0 insize=4300 outsize=2671 kw=POINT pd= ok=1
Cmd: compileSnippet
  error: 1 plat 4 at (52): floating point division by zero\nCompiling Fragment program with POINT
  api=4 type=1 insize=4300 outsize=624 kw=POINT pd= ok=1
Cmd: compileSnippet
  api=4 type=0 insize=4058 outsize=2631 kw= pd= ok=1
Cmd: compileSnippet
  api=4 type=1 insize=4058 outsize=2655 kw= pd= ok=1
Cmd: compileSnippet
  api=4 type=0 insize=4300 outsize=2671 kw=DIRECTIONAL pd= ok=1
Cmd: compileSnippet
  error: 1 plat 4 at (52): floating point division by zero\nCompiling Fragment program with DIRECTIONAL
  api=4 type=1 insize=4300 outsize=624 kw=DIRECTIONAL pd= ok=1
Cmd: preprocess
  insize=1450 outsize=1049 ok=1
Cmd: preprocess
  insize=1451 outsize=1049 ok=1
Cmd: preprocess
  insize=1451 outsize=1050 ok=1
Cmd: compileSnippet
  api=4 type=0 insize=7642 outsize=3809 kw=DIRECTIONAL SHADOWS_OFF LIGHTMAP_OFF DIRLIGHTMAP_OFF DYNAMICLIGHTMAP_OFF pd= ok=1
Cmd: compileSnippet
  api=4 type=1 insize=7642 outsize=1583 kw=DIRECTIONAL SHADOWS_OFF LIGHTMAP_OFF DIRLIGHTMAP_OFF DYNAMICLIGHTMAP_OFF pd= ok=1
Cmd: compileSnippet
  api=4 type=0 insize=4300 outsize=2671 kw=POINT pd= ok=1
Cmd: compileSnippet
  error: 1 plat 4 at (52): floating point division by zero\nCompiling Fragment program with POINT
  api=4 type=1 insize=4300 outsize=624 kw=POINT pd= ok=1
Cmd: compileSnippet
  api=4 type=0 insize=4058 outsize=2631 kw= pd= ok=1
Cmd: compileSnippet
  api=4 type=1 insize=4058 outsize=2655 kw= pd= ok=1
Cmd: compileSnippet
  api=4 type=0 insize=4300 outsize=2671 kw=DIRECTIONAL pd= ok=1
Cmd: compileSnippet
  error: 1 plat 4 at (52): floating point division by zero\nCompiling Fragment program with DIRECTIONAL
  api=4 type=1 insize=4300 outsize=624 kw=DIRECTIONAL pd= ok=1
Cmd: preprocess
  insize=1451 outsize=1049 ok=1
Cmd: preprocess
  insize=1450 outsize=1049 ok=1
Cmd: compileSnippet
  api=4 type=0 insize=7641 outsize=3809 kw=DIRECTIONAL SHADOWS_OFF LIGHTMAP_OFF DIRLIGHTMAP_OFF DYNAMICLIGHTMAP_OFF pd= ok=1
Cmd: compileSnippet
  api=4 type=1 insize=7641 outsize=1583 kw=DIRECTIONAL SHADOWS_OFF LIGHTMAP_OFF DIRLIGHTMAP_OFF DYNAMICLIGHTMAP_OFF pd= ok=1
Cmd: compileSnippet
  api=4 type=0 insize=4299 outsize=2671 kw=POINT pd= ok=1
Cmd: compileSnippet
  error: 1 plat 4 at (52): floating point division by zero\nCompiling Fragment program with POINT
  api=4 type=1 insize=4299 outsize=624 kw=POINT pd= ok=1
Cmd: compileSnippet
  api=4 type=0 insize=4057 outsize=2631 kw= pd= ok=1
Cmd: compileSnippet
  api=4 type=1 insize=4057 outsize=2655 kw= pd= ok=1
Cmd: compileSnippet
  api=4 type=0 insize=4299 outsize=2671 kw=DIRECTIONAL pd= ok=1
Cmd: compileSnippet
  error: 1 plat 4 at (52): floating point division by zero\nCompiling Fragment program with DIRECTIONAL
  api=4 type=1 insize=4299 outsize=624 kw=DIRECTIONAL pd= ok=1
Cmd: preprocess
  insize=1450 outsize=1049 ok=1
Cmd: preprocess
  insize=1451 outsize=1050 ok=1
Cmd: compileSnippet
  api=4 type=0 insize=7642 outsize=3809 kw=DIRECTIONAL SHADOWS_OFF LIGHTMAP_OFF DIRLIGHTMAP_OFF DYNAMICLIGHTMAP_OFF pd= ok=1
Cmd: compileSnippet
  api=4 type=1 insize=7642 outsize=1583 kw=DIRECTIONAL SHADOWS_OFF LIGHTMAP_OFF DIRLIGHTMAP_OFF DYNAMICLIGHTMAP_OFF pd= ok=1
Cmd: compileSnippet
  api=4 type=0 insize=4300 outsize=2671 kw=POINT pd= ok=1
Cmd: compileSnippet
  error: 1 plat 4 at (52): floating point division by zero\nCompiling Fragment program with POINT
  api=4 type=1 insize=4300 outsize=624 kw=POINT pd= ok=1
Cmd: compileSnippet
  api=4 type=0 insize=4058 outsize=2631 kw= pd= ok=1
Cmd: compileSnippet
  api=4 type=1 insize=4058 outsize=2655 kw= pd= ok=1
Cmd: compileSnippet
  api=4 type=0 insize=4300 outsize=2671 kw=DIRECTIONAL pd= ok=1
Cmd: compileSnippet
  error: 1 plat 4 at (52): floating point division by zero\nCompiling Fragment program with DIRECTIONAL
  api=4 type=1 insize=4300 outsize=624 kw=DIRECTIONAL pd= ok=1
Cmd: preprocess
  insize=1456 outsize=1049 ok=1
Cmd: compileSnippet
  api=4 type=0 insize=7647 outsize=3809 kw=DIRECTIONAL SHADOWS_OFF LIGHTMAP_OFF DIRLIGHTMAP_OFF DYNAMICLIGHTMAP_OFF pd= ok=1
Cmd: compileSnippet
  api=4 type=1 insize=7647 outsize=1583 kw=DIRECTIONAL SHADOWS_OFF LIGHTMAP_OFF DIRLIGHTMAP_OFF DYNAMICLIGHTMAP_OFF pd= ok=1
Cmd: compileSnippet
  api=4 type=0 insize=4305 outsize=2671 kw=POINT pd= ok=1
Cmd: compileSnippet
  error: 1 plat 4 at (52): floating point division by zero\nCompiling Fragment program with POINT
  api=4 type=1 insize=4305 outsize=624 kw=POINT pd= ok=1
Cmd: compileSnippet
  api=4 type=0 insize=4063 outsize=2631 kw= pd= ok=1
Cmd: compileSnippet
  api=4 type=1 insize=4063 outsize=2655 kw= pd= ok=1
Cmd: compileSnippet
  api=4 type=0 insize=4305 outsize=2671 kw=DIRECTIONAL pd= ok=1
Cmd: compileSnippet
  error: 1 plat 4 at (52): floating point division by zero\nCompiling Fragment program with DIRECTIONAL
  api=4 type=1 insize=4305 outsize=624 kw=DIRECTIONAL pd= ok=1
Cmd: preprocess
  insize=1456 outsize=1050 ok=1
Cmd: compileSnippet
  api=4 type=0 insize=7647 outsize=3809 kw=DIRECTIONAL SHADOWS_OFF LIGHTMAP_OFF DIRLIGHTMAP_OFF DYNAMICLIGHTMAP_OFF pd= ok=1
Cmd: compileSnippet
  api=4 type=1 insize=7647 outsize=1583 kw=DIRECTIONAL SHADOWS_OFF LIGHTMAP_OFF DIRLIGHTMAP_OFF DYNAMICLIGHTMAP_OFF pd= ok=1
Cmd: compileSnippet
  api=4 type=0 insize=4305 outsize=2671 kw=POINT pd= ok=1
Cmd: compileSnippet
  error: 1 plat 4 at (52): floating point division by zero\nCompiling Fragment program with POINT
  api=4 type=1 insize=4305 outsize=624 kw=POINT pd= ok=1
Cmd: compileSnippet
  api=4 type=0 insize=4063 outsize=2631 kw= pd= ok=1
Cmd: compileSnippet
  api=4 type=1 insize=4063 outsize=2655 kw= pd= ok=1
Cmd: compileSnippet
  api=4 type=0 insize=4305 outsize=2671 kw=DIRECTIONAL pd= ok=1
Cmd: compileSnippet
  error: 1 plat 4 at (52): floating point division by zero\nCompiling Fragment program with DIRECTIONAL
  api=4 type=1 insize=4305 outsize=624 kw=DIRECTIONAL pd= ok=1
Cmd: preprocess
  insize=1457 outsize=1050 ok=1
Cmd: compileSnippet
  api=4 type=0 insize=7648 outsize=3809 kw=DIRECTIONAL SHADOWS_OFF LIGHTMAP_OFF DIRLIGHTMAP_OFF DYNAMICLIGHTMAP_OFF pd= ok=1
Cmd: compileSnippet
  api=4 type=1 insize=7648 outsize=1583 kw=DIRECTIONAL SHADOWS_OFF LIGHTMAP_OFF DIRLIGHTMAP_OFF DYNAMICLIGHTMAP_OFF pd= ok=1
Cmd: compileSnippet
  api=4 type=0 insize=4306 outsize=2671 kw=POINT pd= ok=1
Cmd: compileSnippet
  error: 1 plat 4 at (52): floating point division by zero\nCompiling Fragment program with POINT
  api=4 type=1 insize=4306 outsize=624 kw=POINT pd= ok=1
Cmd: compileSnippet
  api=4 type=0 insize=4064 outsize=2631 kw= pd= ok=1
Cmd: compileSnippet
  api=4 type=1 insize=4064 outsize=2655 kw= pd= ok=1
Cmd: compileSnippet
  api=4 type=0 insize=4306 outsize=2671 kw=DIRECTIONAL pd= ok=1
Cmd: compileSnippet
  error: 1 plat 4 at (52): floating point division by zero\nCompiling Fragment program with DIRECTIONAL
  api=4 type=1 insize=4306 outsize=624 kw=DIRECTIONAL pd= ok=1
Cmd: preprocess
  insize=1457 outsize=1049 ok=1
Cmd: compileSnippet
  api=4 type=0 insize=7648 outsize=3809 kw=DIRECTIONAL SHADOWS_OFF LIGHTMAP_OFF DIRLIGHTMAP_OFF DYNAMICLIGHTMAP_OFF pd= ok=1
Cmd: compileSnippet
  api=4 type=1 insize=7648 outsize=1583 kw=DIRECTIONAL SHADOWS_OFF LIGHTMAP_OFF DIRLIGHTMAP_OFF DYNAMICLIGHTMAP_OFF pd= ok=1
Cmd: compileSnippet
  api=4 type=0 insize=4306 outsize=2671 kw=POINT pd= ok=1
Cmd: compileSnippet
  error: 1 plat 4 at (52): floating point division by zero\nCompiling Fragment program with POINT
  api=4 type=1 insize=4306 outsize=624 kw=POINT pd= ok=1
Cmd: compileSnippet
  api=4 type=0 insize=4064 outsize=2631 kw= pd= ok=1
Cmd: compileSnippet
  api=4 type=1 insize=4064 outsize=2655 kw= pd= ok=1
Cmd: compileSnippet
  api=4 type=0 insize=4306 outsize=2671 kw=DIRECTIONAL pd= ok=1
Cmd: compileSnippet
  error: 1 plat 4 at (52): floating point division by zero\nCompiling Fragment program with DIRECTIONAL
  api=4 type=1 insize=4306 outsize=624 kw=DIRECTIONAL pd= ok=1
Cmd: preprocess
  insize=1457 outsize=1050 ok=1
Cmd: compileSnippet
  api=4 type=0 insize=7648 outsize=3809 kw=DIRECTIONAL SHADOWS_OFF LIGHTMAP_OFF DIRLIGHTMAP_OFF DYNAMICLIGHTMAP_OFF pd= ok=1
Cmd: compileSnippet
  api=4 type=1 insize=7648 outsize=1583 kw=DIRECTIONAL SHADOWS_OFF LIGHTMAP_OFF DIRLIGHTMAP_OFF DYNAMICLIGHTMAP_OFF pd= ok=1
Cmd: compileSnippet
  api=4 type=0 insize=4306 outsize=2671 kw=POINT pd= ok=1
Cmd: compileSnippet
  error: 1 plat 4 at (52): floating point division by zero\nCompiling Fragment program with POINT
  api=4 type=1 insize=4306 outsize=624 kw=POINT pd= ok=1
Cmd: compileSnippet
  api=4 type=0 insize=4064 outsize=2631 kw= pd= ok=1
Cmd: compileSnippet
  api=4 type=1 insize=4064 outsize=2655 kw= pd= ok=1
Cmd: compileSnippet
  api=4 type=0 insize=4306 outsize=2671 kw=DIRECTIONAL pd= ok=1
Cmd: compileSnippet
  error: 1 plat 4 at (52): floating point division by zero\nCompiling Fragment program with DIRECTIONAL
  api=4 type=1 insize=4306 outsize=624 kw=DIRECTIONAL pd= ok=1
