Base path: C:/Program Files/Unity/Editor/Data
Pipe name: \\.\pipe\UnityShaderCompiler-64bit-2-6464
Cmd: getPlatforms
Cmd: compileSnippet
  api=1 type=0 insize=7634 outsize=680 kw=DIRECTIONAL SHADOWS_OFF LIGHTMAP_OFF DIRLIGHTMAP_OFF DYNAMICLIGHTMAP_OFF pd= ok=1
Cmd: compileSnippet
  api=4 type=0 insize=7634 outsize=5531 kw=DIRECTIONAL SHADOWS_OFF LIGHTMAP_OFF DIRLIGHTMAP_OFF DYNAMICLIGHTMAP_OFF VERTEXLIGHT_ON pd= ok=1
Cmd: compileSnippet
  api=1 type=0 insize=7634 outsize=1236 kw=DIRECTIONAL SHADOWS_SCREEN LIGHTMAP_OFF DIRLIGHTMAP_OFF DYNAMICLIGHTMAP_OFF VERTEXLIGHT_ON pd= ok=1
Cmd: compileSnippet
  api=8 type=0 insize=7634 outsize=6508 kw=DIRECTIONAL SHADOWS_SCREEN SHADOWS_NATIVE LIGHTMAP_OFF DIRLIGHTMAP_OFF DYNAMICLIGHTMAP_OFF pd=UNITY_NO_SCREENSPACE_SHADOWS UNITY_NO_LINEAR_COLORSPACE ok=1
Cmd: compileSnippet
  api=8 type=1 insize=7634 outsize=2186 kw=DIRECTIONAL SHADOWS_OFF LIGHTMAP_OFF DIRLIGHTMAP_OFF DYNAMICLIGHTMAP_OFF pd=UNITY_NO_SCREENSPACE_SHADOWS UNITY_NO_LINEAR_COLORSPACE ok=1
Cmd: compileSnippet
  api=4 type=1 insize=7634 outsize=1550 kw=DIRECTIONAL SHADOWS_SCREEN LIGHTMAP_OFF DIRLIGHTMAP_OFF DYNAMICLIGHTMAP_OFF pd= ok=1
Cmd: compileSnippet
  api=8 type=0 insize=4292 outsize=3770 kw=POINT pd=UNITY_NO_SCREENSPACE_SHADOWS UNITY_NO_LINEAR_COLORSPACE ok=1
Cmd: compileSnippet
  api=8 type=0 insize=4292 outsize=3770 kw=DIRECTIONAL pd=UNITY_NO_SCREENSPACE_SHADOWS UNITY_NO_LINEAR_COLORSPACE ok=1
Cmd: compileSnippet
  api=4 type=0 insize=4292 outsize=2671 kw=SPOT pd= ok=1
Cmd: compileSnippet
  api=1 type=0 insize=4292 outsize=322 kw=POINT_COOKIE pd= ok=1
Cmd: compileSnippet
  api=8 type=0 insize=4292 outsize=3770 kw=POINT_COOKIE pd=UNITY_NO_SCREENSPACE_SHADOWS UNITY_NO_LINEAR_COLORSPACE ok=1
Cmd: compileSnippet
  api=4 type=0 insize=4292 outsize=2671 kw=DIRECTIONAL_COOKIE pd= ok=1
Cmd: compileSnippet
  error: 1 plat 8 at (52): floating point division by zero\nCompiling Fragment program with POINT
Platform defines: UNITY_NO_SCREENSPACE_SHADOWS UNITY_NO_LINEAR_COLORSPACE
  api=8 type=1 insize=4292 outsize=821 kw=POINT pd=UNITY_NO_SCREENSPACE_SHADOWS UNITY_NO_LINEAR_COLORSPACE ok=1
Cmd: compileSnippet
  error: 1 plat 1 at (52): floating point division by zero\nCompiling Fragment program with DIRECTIONAL
  api=1 type=1 insize=4292 outsize=42 kw=DIRECTIONAL pd= ok=1
Cmd: compileSnippet
  error: 1 plat 1 at (52): floating point division by zero\nCompiling Fragment program with SPOT
  api=1 type=1 insize=4292 outsize=42 kw=SPOT pd= ok=1
Cmd: compileSnippet
  error: 1 plat 4 at (52): floating point division by zero\nCompiling Fragment program with SPOT
  api=4 type=1 insize=4292 outsize=624 kw=SPOT pd= ok=1
Cmd: compileSnippet
  error: 1 plat 1 at (52): floating point division by zero\nCompiling Fragment program with POINT_COOKIE
  api=1 type=1 insize=4292 outsize=42 kw=POINT_COOKIE pd= ok=1
Cmd: compileSnippet
  error: 1 plat 4 at (52): floating point division by zero\nCompiling Fragment program with POINT_COOKIE
  api=4 type=1 insize=4292 outsize=624 kw=POINT_COOKIE pd= ok=1
Cmd: compileSnippet
  error: 1 plat 1 at (52): floating point division by zero\nCompiling Fragment program with DIRECTIONAL_COOKIE
  api=1 type=1 insize=4292 outsize=42 kw=DIRECTIONAL_COOKIE pd= ok=1
Cmd: compileSnippet
  error: 1 plat 4 at (52): floating point division by zero\nCompiling Fragment program with DIRECTIONAL_COOKIE
  api=4 type=1 insize=4292 outsize=624 kw=DIRECTIONAL_COOKIE pd= ok=1
Unhandled exception: Readfile from pipe failed. GLE=The pipe has been ended.


Quitting shader compiler process
